<?xml version="1.0" encoding="UTF-8"?>
<!-- Generated by org.testng.reporters.JUnitXMLReporter -->
<testsuite hostname="admin-PC" ignored="3" name="Default test(failed)(failed)" tests="1" failures="1" timestamp="26 Jun 2022 10:38:09 GMT" time="0.093" errors="0">
  <testcase name="b" time="0.022" classname="TestNGStudy.MyTestClass1">
    <failure type="java.lang.AssertionError" message="null">
      <![CDATA[java.lang.AssertionError: null
at TestNGStudy.MyTestClass1.b(MyTestClass1.java:20)
... Removed 27 stack frames]]>
    </failure>
  </testcase> <!-- b -->
  <testcase name="c" time="0.0" classname="TestNGStudy.MyTestClass1">
    <ignored/>
  </testcase> <!-- c -->
  <testcase name="d" time="0.0" classname="TestNGStudy.MyTestClass1">
    <ignored/>
  </testcase> <!-- d -->
  <testcase name="a" time="0.0" classname="TestNGStudy.MyTestClass1">
    <ignored/>
  </testcase> <!-- a -->
</testsuite> <!-- Default test(failed)(failed) -->
