<?xml version="1.0" encoding="UTF-8"?>
<testng-results skipped="0" failed="0" ignored="0" total="1" passed="1">
  <reporter-output>
  </reporter-output>
  <suite name="Default suite" duration-ms="16584" started-at="2022-07-05T19:01:34Z" finished-at="2022-07-05T19:01:50Z">
    <groups>
    </groups>
    <test name="Default test" duration-ms="16584" started-at="2022-07-05T19:01:34Z" finished-at="2022-07-05T19:01:50Z">
      <class name="IFrame.FrameTest">
        <test-method status="PASS" signature="myMethod()[pri:0, instance:IFrame.FrameTest@61f8bee4]" name="myMethod" duration-ms="16534" started-at="2022-07-05T19:01:34Z" finished-at="2022-07-05T19:01:50Z">
          <reporter-output>
          </reporter-output>
        </test-method> <!-- myMethod -->
      </class> <!-- IFrame.FrameTest -->
    </test> <!-- Default test -->
  </suite> <!-- Default suite -->
</testng-results>
